<?xml version="1.0" encoding="UTF-8"?>
<!-- Generated by org.testng.reporters.JUnitReportReporter -->
<testsuite skipped="3" hostname="Margo-THINK" name="sps.requirement.fr1.Requirement_fr1" tests="8" failures="0" timestamp="05 Kov 2018 21:49:54 GMT" time="3.638" errors="0">
  <testcase name="login" time="0.618" classname="sps.requirement.fr1.Requirement_fr1"/>
  <testcase name="addUserAdministratorius" time="0.858" classname="sps.requirement.fr1.Requirement_fr1"/>
  <testcase name="addUserAdministratorius" time="0.653" classname="sps.requirement.fr1.Requirement_fr1"/>
  <testcase name="addUserAdministratorius" time="0.701" classname="sps.requirement.fr1.Requirement_fr1"/>
  <testcase name="addUserAdministratorius" time="0.808" classname="sps.requirement.fr1.Requirement_fr1"/>
  <testcase name="addUserGydytojas" classname="sps.requirement.fr1.Requirement_fr1">
    <skipped/>
  </testcase> <!-- addUserGydytojas -->
  <testcase name="addUserGydytojas" classname="sps.requirement.fr1.Requirement_fr1">
    <skipped/>
  </testcase> <!-- addUserGydytojas -->
  <testcase name="addUserPacientas" classname="sps.requirement.fr1.Requirement_fr1">
    <skipped/>
  </testcase> <!-- addUserPacientas -->
</testsuite> <!-- sps.requirement.fr1.Requirement_fr1 -->
