<?xml version="1.0" encoding="UTF-8"?>
<!-- Generated by org.testng.reporters.JUnitReportReporter -->
<testsuite skipped="0" hostname="Margo-THINK" name="sps.auto.testai.FR_1" tests="11" failures="0" timestamp="13 Kov 2018 20:21:00 GMT" time="14.022" errors="0">
  <testcase name="loginAsAdmin" time="1.262" classname="sps.auto.testai.FR_1"/>
  <testcase name="addUserAdministratorius" time="1.206" classname="sps.auto.testai.FR_1"/>
  <testcase name="addUserAdministratorius" time="1.272" classname="sps.auto.testai.FR_1"/>
  <testcase name="addUserGydytojas" time="1.436" classname="sps.auto.testai.FR_1"/>
  <testcase name="addUserGydytojas" time="1.498" classname="sps.auto.testai.FR_1"/>
  <testcase name="addUserGydytojas" time="1.242" classname="sps.auto.testai.FR_1"/>
  <testcase name="addUserPacientas" time="1.316" classname="sps.auto.testai.FR_1"/>
  <testcase name="addUserPacientas" time="1.486" classname="sps.auto.testai.FR_1"/>
  <testcase name="addUserVaistininkas" time="1.340" classname="sps.auto.testai.FR_1"/>
  <testcase name="addUserVaistininkas" time="1.328" classname="sps.auto.testai.FR_1"/>
  <testcase name="AssigningPatientToDoctor" time="0.636" classname="sps.auto.testai.FR_1"/>
</testsuite> <!-- sps.auto.testai.FR_1 -->
