<?xml version="1.0" encoding="UTF-8"?>
<!-- Generated by org.testng.reporters.JUnitReportReporter -->
<testsuite skipped="0" hostname="Margo-THINK" name="sps.auto.testai.fr1" tests="18" failures="0" timestamp="09 Kov 2018 21:09:06 GMT" time="17.182" errors="0">
  <testcase name="loginAsAdmin" time="1.023" classname="sps.auto.testai.fr1"/>
  <testcase name="addUserAdministratorius" time="0.802" classname="sps.auto.testai.fr1"/>
  <testcase name="addUserAdministratorius" time="0.738" classname="sps.auto.testai.fr1"/>
  <testcase name="addUserAdministratorius" time="0.664" classname="sps.auto.testai.fr1"/>
  <testcase name="addUserAdministratorius" time="0.764" classname="sps.auto.testai.fr1"/>
  <testcase name="addUserGydytojas" time="1.233" classname="sps.auto.testai.fr1"/>
  <testcase name="addUserGydytojas" time="1.148" classname="sps.auto.testai.fr1"/>
  <testcase name="addUserGydytojas" time="1.047" classname="sps.auto.testai.fr1"/>
  <testcase name="addUserGydytojas" time="1.178" classname="sps.auto.testai.fr1"/>
  <testcase name="addUserGydytojas" time="1.317" classname="sps.auto.testai.fr1"/>
  <testcase name="addUserPacientas" time="0.717" classname="sps.auto.testai.fr1"/>
  <testcase name="addUserPacientas" time="0.834" classname="sps.auto.testai.fr1"/>
  <testcase name="addUserPacientas" time="0.739" classname="sps.auto.testai.fr1"/>
  <testcase name="addUserPacientas" time="0.715" classname="sps.auto.testai.fr1"/>
  <testcase name="addUserVaistininkas" time="1.087" classname="sps.auto.testai.fr1"/>
  <testcase name="addUserVaistininkas" time="1.116" classname="sps.auto.testai.fr1"/>
  <testcase name="addUserVaistininkas" time="1.055" classname="sps.auto.testai.fr1"/>
  <testcase name="addUserVaistininkas" time="1.005" classname="sps.auto.testai.fr1"/>
</testsuite> <!-- sps.auto.testai.fr1 -->
