<?xml version="1.0" encoding="UTF-8"?>
<!-- Generated by org.testng.reporters.JUnitReportReporter -->
<testsuite skipped="0" hostname="Margo-THINK" name="sps.auto.testai.fr3" tests="5" failures="0" timestamp="09 Kov 2018 19:31:57 GMT" time="5.623" errors="0">
  <testcase name="loginAsDoctor" time="0.776" classname="sps.auto.testai.fr3"/>
  <testcase name="addMedicalRecord" time="1.364" classname="sps.auto.testai.fr3"/>
  <testcase name="addMedicalRecord" time="1.073" classname="sps.auto.testai.fr3"/>
  <testcase name="addMedicalRecord" time="1.311" classname="sps.auto.testai.fr3"/>
  <testcase name="addMedicalRecord" time="1.099" classname="sps.auto.testai.fr3"/>
</testsuite> <!-- sps.auto.testai.fr3 -->
