<?xml version="1.0" encoding="UTF-8"?>
<!-- Generated by org.testng.reporters.JUnitReportReporter -->
<testsuite skipped="0" hostname="Margo-THINK" name="sps.auto.users.FR_1" tests="11" failures="0" timestamp="13 Kov 2018 15:12:12 GMT" time="14.633" errors="0">
  <testcase name="loginAsAdmin" time="1.173" classname="sps.auto.users.FR_1"/>
  <testcase name="addUserAdministratorius" time="1.265" classname="sps.auto.users.FR_1"/>
  <testcase name="addUserAdministratorius" time="1.388" classname="sps.auto.users.FR_1"/>
  <testcase name="addUserGydytojas" time="1.282" classname="sps.auto.users.FR_1"/>
  <testcase name="addUserGydytojas" time="1.425" classname="sps.auto.users.FR_1"/>
  <testcase name="addUserGydytojas" time="1.392" classname="sps.auto.users.FR_1"/>
  <testcase name="addUserPacientas" time="1.496" classname="sps.auto.users.FR_1"/>
  <testcase name="addUserPacientas" time="1.371" classname="sps.auto.users.FR_1"/>
  <testcase name="addUserVaistininkas" time="1.360" classname="sps.auto.users.FR_1"/>
  <testcase name="addUserVaistininkas" time="1.279" classname="sps.auto.users.FR_1"/>
  <testcase name="AssigningPatientToDoctor" time="1.202" classname="sps.auto.users.FR_1"/>
</testsuite> <!-- sps.auto.users.FR_1 -->
