<?xml version="1.0" encoding="UTF-8"?>
<!-- Generated by org.testng.reporters.JUnitReportReporter -->
<testsuite skipped="0" hostname="Margo-THINK" name="sps.auto.testai.fr3" tests="5" failures="0" timestamp="07 Kov 2018 02:03:51 GMT" time="5.603" errors="0">
  <testcase name="login" time="1.002" classname="sps.auto.testai.fr3"/>
  <testcase name="addMedicalRecord" time="1.048" classname="sps.auto.testai.fr3"/>
  <testcase name="addMedicalRecord" time="1.163" classname="sps.auto.testai.fr3"/>
  <testcase name="addMedicalRecord" time="1.264" classname="sps.auto.testai.fr3"/>
  <testcase name="addMedicalRecord" time="1.126" classname="sps.auto.testai.fr3"/>
</testsuite> <!-- sps.auto.testai.fr3 -->
