<?xml version="1.0" encoding="UTF-8"?>
<!-- Generated by org.testng.reporters.JUnitReportReporter -->
<testsuite skipped="0" hostname="Margo-THINK" name="sps.auto.testai.FR_4" tests="5" failures="0" timestamp="12 Kov 2018 01:26:41 GMT" time="6.889" errors="0">
  <testcase name="loginAsDoctor" time="0.609" classname="sps.auto.testai.FR_4"/>
  <testcase name="addPrescription" time="1.617" classname="sps.auto.testai.FR_4"/>
  <testcase name="addPrescription" time="1.445" classname="sps.auto.testai.FR_4"/>
  <testcase name="addPrescription" time="1.677" classname="sps.auto.testai.FR_4"/>
  <testcase name="addPrescription" time="1.541" classname="sps.auto.testai.FR_4"/>
</testsuite> <!-- sps.auto.testai.FR_4 -->
