<?xml version="1.0" encoding="UTF-8"?>
<!-- Generated by org.testng.reporters.JUnitReportReporter -->
<testsuite skipped="0" hostname="Margo-THINK" name="sps.auto.testai.FR_13" tests="3" failures="0" timestamp="13 Kov 2018 20:21:00 GMT" time="4.633" errors="0">
  <testcase name="changePassword" time="2.180" classname="sps.auto.testai.FR_13"/>
  <testcase name="changePassword" time="1.762" classname="sps.auto.testai.FR_13"/>
  <testcase name="CloseDriver" time="0.691" classname="sps.auto.testai.FR_13"/>
</testsuite> <!-- sps.auto.testai.FR_13 -->
