<?xml version="1.0" encoding="UTF-8"?>
<!-- Generated by org.testng.reporters.JUnitReportReporter -->
<testsuite skipped="0" hostname="Margo-THINK" name="sps.auto.testai.FR_1" tests="19" failures="0" timestamp="12 Kov 2018 01:25:40 GMT" time="24.268" errors="0">
  <testcase name="loginAsAdmin" time="1.218" classname="sps.auto.testai.FR_1"/>
  <testcase name="addUserAdministratorius" time="1.112" classname="sps.auto.testai.FR_1"/>
  <testcase name="addUserAdministratorius" time="1.112" classname="sps.auto.testai.FR_1"/>
  <testcase name="addUserAdministratorius" time="1.080" classname="sps.auto.testai.FR_1"/>
  <testcase name="addUserAdministratorius" time="1.437" classname="sps.auto.testai.FR_1"/>
  <testcase name="addUserGydytojas" time="1.260" classname="sps.auto.testai.FR_1"/>
  <testcase name="addUserGydytojas" time="1.262" classname="sps.auto.testai.FR_1"/>
  <testcase name="addUserGydytojas" time="1.389" classname="sps.auto.testai.FR_1"/>
  <testcase name="addUserGydytojas" time="1.438" classname="sps.auto.testai.FR_1"/>
  <testcase name="addUserGydytojas" time="1.345" classname="sps.auto.testai.FR_1"/>
  <testcase name="addUserPacientas" time="1.413" classname="sps.auto.testai.FR_1"/>
  <testcase name="addUserPacientas" time="1.372" classname="sps.auto.testai.FR_1"/>
  <testcase name="addUserPacientas" time="1.297" classname="sps.auto.testai.FR_1"/>
  <testcase name="addUserPacientas" time="1.315" classname="sps.auto.testai.FR_1"/>
  <testcase name="addUserVaistininkas" time="1.329" classname="sps.auto.testai.FR_1"/>
  <testcase name="addUserVaistininkas" time="1.262" classname="sps.auto.testai.FR_1"/>
  <testcase name="addUserVaistininkas" time="1.344" classname="sps.auto.testai.FR_1"/>
  <testcase name="addUserVaistininkas" time="1.184" classname="sps.auto.testai.FR_1"/>
  <testcase name="AssigningPatientToDoctor" time="1.099" classname="sps.auto.testai.FR_1"/>
</testsuite> <!-- sps.auto.testai.FR_1 -->
