<?xml version="1.0" encoding="UTF-8"?>
<!-- Generated by org.testng.reporters.JUnitReportReporter -->
<testsuite skipped="0" hostname="Margo-THINK" name="sps.auto.testai.FR_3" tests="5" failures="0" timestamp="11 Kov 2018 00:42:04 GMT" time="6.647" errors="0">
  <testcase name="loginAsDoctor" time="0.581" classname="sps.auto.testai.FR_3"/>
  <testcase name="addMedicalRecord" time="1.499" classname="sps.auto.testai.FR_3"/>
  <testcase name="addMedicalRecord" time="1.441" classname="sps.auto.testai.FR_3"/>
  <testcase name="addMedicalRecord" time="1.458" classname="sps.auto.testai.FR_3"/>
  <testcase name="addMedicalRecord" time="1.668" classname="sps.auto.testai.FR_3"/>
</testsuite> <!-- sps.auto.testai.FR_3 -->
