<?xml version="1.0" encoding="UTF-8"?>
<!-- Generated by org.testng.reporters.JUnitReportReporter -->
<testsuite skipped="0" hostname="Margo-THINK" name="sps.auto.testai.FR_3" tests="5" failures="0" timestamp="12 Kov 2018 01:26:18 GMT" time="7.178" errors="0">
  <testcase name="loginAsDoctor" time="0.714" classname="sps.auto.testai.FR_3"/>
  <testcase name="addMedicalRecord" time="1.800" classname="sps.auto.testai.FR_3"/>
  <testcase name="addMedicalRecord" time="1.568" classname="sps.auto.testai.FR_3"/>
  <testcase name="addMedicalRecord" time="1.516" classname="sps.auto.testai.FR_3"/>
  <testcase name="addMedicalRecord" time="1.580" classname="sps.auto.testai.FR_3"/>
</testsuite> <!-- sps.auto.testai.FR_3 -->
