<?xml version="1.0" encoding="UTF-8"?>
<!-- Generated by org.testng.reporters.JUnitReportReporter -->
<testsuite skipped="0" hostname="Margo-THINK" name="sps.auto.testai.FR_13" tests="4" failures="0" timestamp="12 Kov 2018 01:27:11 GMT" time="14.412" errors="0">
  <testcase name="changePassword" time="3.617" classname="sps.auto.testai.FR_13"/>
  <testcase name="changePassword" time="3.531" classname="sps.auto.testai.FR_13"/>
  <testcase name="changePassword" time="3.489" classname="sps.auto.testai.FR_13"/>
  <testcase name="changePassword" time="3.775" classname="sps.auto.testai.FR_13"/>
</testsuite> <!-- sps.auto.testai.FR_13 -->
