<?xml version="1.0" encoding="UTF-8"?>
<!-- Generated by org.testng.reporters.JUnitReportReporter -->
<testsuite skipped="0" hostname="Margo-THINK" name="sps.auto.testai.fr3" tests="5" failures="0" timestamp="08 Kov 2018 23:57:51 GMT" time="5.870" errors="0">
  <testcase name="loginAsDoctor" time="0.890" classname="sps.auto.testai.fr3"/>
  <testcase name="addMedicalRecord" time="1.430" classname="sps.auto.testai.fr3"/>
  <testcase name="addMedicalRecord" time="1.101" classname="sps.auto.testai.fr3"/>
  <testcase name="addMedicalRecord" time="1.346" classname="sps.auto.testai.fr3"/>
  <testcase name="addMedicalRecord" time="1.103" classname="sps.auto.testai.fr3"/>
</testsuite> <!-- sps.auto.testai.fr3 -->
