<?xml version="1.0" encoding="UTF-8"?>
<!-- Generated by org.testng.reporters.JUnitReportReporter -->
<testsuite skipped="3" hostname="Margo-THINK" name="sps.requirement.fr1.Requirement_fr1" tests="8" failures="0" timestamp="06 Kov 2018 22:40:21 GMT" time="4.595" errors="0">
  <testcase name="login" time="0.557" classname="sps.requirement.fr1.Requirement_fr1"/>
  <testcase name="addUserGydytojas" time="1.168" classname="sps.requirement.fr1.Requirement_fr1"/>
  <testcase name="addUserGydytojas" time="0.625" classname="sps.requirement.fr1.Requirement_fr1"/>
  <testcase name="addUserGydytojas" time="1.184" classname="sps.requirement.fr1.Requirement_fr1"/>
  <testcase name="addUserGydytojas" time="1.061" classname="sps.requirement.fr1.Requirement_fr1"/>
  <testcase name="addUserGydytojas" classname="sps.requirement.fr1.Requirement_fr1">
    <skipped/>
  </testcase> <!-- addUserGydytojas -->
  <testcase name="addUserPacientas" classname="sps.requirement.fr1.Requirement_fr1">
    <skipped/>
  </testcase> <!-- addUserPacientas -->
  <testcase name="addUserAdministratorius" classname="sps.requirement.fr1.Requirement_fr1">
    <skipped/>
  </testcase> <!-- addUserAdministratorius -->
</testsuite> <!-- sps.requirement.fr1.Requirement_fr1 -->
