<?xml version="1.0" encoding="UTF-8"?>
<!-- Generated by org.testng.reporters.JUnitReportReporter -->
<testsuite skipped="0" hostname="Margo-THINK" name="sps.auto.testai.fr1" tests="18" failures="0" timestamp="08 Kov 2018 23:57:27 GMT" time="18.814" errors="0">
  <testcase name="loginAsAdmin" time="1.702" classname="sps.auto.testai.fr1"/>
  <testcase name="addUserAdministratorius" time="0.716" classname="sps.auto.testai.fr1"/>
  <testcase name="addUserAdministratorius" time="0.652" classname="sps.auto.testai.fr1"/>
  <testcase name="addUserAdministratorius" time="0.726" classname="sps.auto.testai.fr1"/>
  <testcase name="addUserAdministratorius" time="1.418" classname="sps.auto.testai.fr1"/>
  <testcase name="addUserGydytojas" time="1.095" classname="sps.auto.testai.fr1"/>
  <testcase name="addUserGydytojas" time="1.202" classname="sps.auto.testai.fr1"/>
  <testcase name="addUserGydytojas" time="1.196" classname="sps.auto.testai.fr1"/>
  <testcase name="addUserGydytojas" time="1.192" classname="sps.auto.testai.fr1"/>
  <testcase name="addUserGydytojas" time="1.157" classname="sps.auto.testai.fr1"/>
  <testcase name="addUserPacientas" time="0.875" classname="sps.auto.testai.fr1"/>
  <testcase name="addUserPacientas" time="0.872" classname="sps.auto.testai.fr1"/>
  <testcase name="addUserPacientas" time="0.791" classname="sps.auto.testai.fr1"/>
  <testcase name="addUserPacientas" time="1.056" classname="sps.auto.testai.fr1"/>
  <testcase name="addUserVaistininkas" time="1.087" classname="sps.auto.testai.fr1"/>
  <testcase name="addUserVaistininkas" time="0.977" classname="sps.auto.testai.fr1"/>
  <testcase name="addUserVaistininkas" time="0.995" classname="sps.auto.testai.fr1"/>
  <testcase name="addUserVaistininkas" time="1.105" classname="sps.auto.testai.fr1"/>
</testsuite> <!-- sps.auto.testai.fr1 -->
