<?xml version="1.0" encoding="UTF-8"?>
<!-- Generated by org.testng.reporters.JUnitReportReporter -->
<testsuite skipped="0" hostname="Margo-THINK" name="sps.auto.testai.FR_1" tests="11" failures="0" timestamp="13 Kov 2018 13:29:29 GMT" time="13.644" errors="0">
  <testcase name="loginAsAdmin" time="0.784" classname="sps.auto.testai.FR_1"/>
  <testcase name="addUserAdministratorius" time="1.228" classname="sps.auto.testai.FR_1"/>
  <testcase name="addUserAdministratorius" time="1.085" classname="sps.auto.testai.FR_1"/>
  <testcase name="addUserGydytojas" time="1.205" classname="sps.auto.testai.FR_1"/>
  <testcase name="addUserGydytojas" time="1.403" classname="sps.auto.testai.FR_1"/>
  <testcase name="addUserGydytojas" time="1.338" classname="sps.auto.testai.FR_1"/>
  <testcase name="addUserPacientas" time="1.437" classname="sps.auto.testai.FR_1"/>
  <testcase name="addUserPacientas" time="1.317" classname="sps.auto.testai.FR_1"/>
  <testcase name="addUserVaistininkas" time="1.489" classname="sps.auto.testai.FR_1"/>
  <testcase name="addUserVaistininkas" time="1.293" classname="sps.auto.testai.FR_1"/>
  <testcase name="AssigningPatientToDoctor" time="1.065" classname="sps.auto.testai.FR_1"/>
</testsuite> <!-- sps.auto.testai.FR_1 -->
