<?xml version="1.0" encoding="UTF-8"?>
<!-- Generated by org.testng.reporters.JUnitReportReporter -->
<testsuite skipped="0" hostname="Margo-THINK" name="sps.auto.testai.fr1" tests="18" failures="0" timestamp="07 Kov 2018 02:03:10 GMT" time="17.382" errors="0">
  <testcase name="login" time="0.702" classname="sps.auto.testai.fr1"/>
  <testcase name="addUserAdministratorius" time="0.685" classname="sps.auto.testai.fr1"/>
  <testcase name="addUserAdministratorius" time="0.768" classname="sps.auto.testai.fr1"/>
  <testcase name="addUserAdministratorius" time="1.339" classname="sps.auto.testai.fr1"/>
  <testcase name="addUserAdministratorius" time="0.700" classname="sps.auto.testai.fr1"/>
  <testcase name="addUserGydytojas" time="1.212" classname="sps.auto.testai.fr1"/>
  <testcase name="addUserGydytojas" time="1.190" classname="sps.auto.testai.fr1"/>
  <testcase name="addUserGydytojas" time="1.310" classname="sps.auto.testai.fr1"/>
  <testcase name="addUserGydytojas" time="1.035" classname="sps.auto.testai.fr1"/>
  <testcase name="addUserGydytojas" time="1.013" classname="sps.auto.testai.fr1"/>
  <testcase name="addUserPacientas" time="0.887" classname="sps.auto.testai.fr1"/>
  <testcase name="addUserPacientas" time="0.742" classname="sps.auto.testai.fr1"/>
  <testcase name="addUserPacientas" time="0.947" classname="sps.auto.testai.fr1"/>
  <testcase name="addUserPacientas" time="0.770" classname="sps.auto.testai.fr1"/>
  <testcase name="addUserVaistininkas" time="0.977" classname="sps.auto.testai.fr1"/>
  <testcase name="addUserVaistininkas" time="0.999" classname="sps.auto.testai.fr1"/>
  <testcase name="addUserVaistininkas" time="1.008" classname="sps.auto.testai.fr1"/>
  <testcase name="addUserVaistininkas" time="1.098" classname="sps.auto.testai.fr1"/>
</testsuite> <!-- sps.auto.testai.fr1 -->
