<?xml version="1.0" encoding="UTF-8"?>
<!-- Generated by org.testng.reporters.JUnitReportReporter -->
<testsuite skipped="0" hostname="Margo-THINK" name="sps.auto.testai.FR_1" tests="19" failures="0" timestamp="11 Kov 2018 00:41:43 GMT" time="25.094" errors="0">
  <testcase name="loginAsAdmin" time="1.426" classname="sps.auto.testai.FR_1"/>
  <testcase name="addUserAdministratorius" time="1.409" classname="sps.auto.testai.FR_1"/>
  <testcase name="addUserAdministratorius" time="1.176" classname="sps.auto.testai.FR_1"/>
  <testcase name="addUserAdministratorius" time="1.040" classname="sps.auto.testai.FR_1"/>
  <testcase name="addUserAdministratorius" time="1.527" classname="sps.auto.testai.FR_1"/>
  <testcase name="addUserGydytojas" time="1.280" classname="sps.auto.testai.FR_1"/>
  <testcase name="addUserGydytojas" time="1.256" classname="sps.auto.testai.FR_1"/>
  <testcase name="addUserGydytojas" time="1.357" classname="sps.auto.testai.FR_1"/>
  <testcase name="addUserGydytojas" time="1.487" classname="sps.auto.testai.FR_1"/>
  <testcase name="addUserGydytojas" time="1.346" classname="sps.auto.testai.FR_1"/>
  <testcase name="addUserPacientas" time="1.451" classname="sps.auto.testai.FR_1"/>
  <testcase name="addUserPacientas" time="1.268" classname="sps.auto.testai.FR_1"/>
  <testcase name="addUserPacientas" time="1.284" classname="sps.auto.testai.FR_1"/>
  <testcase name="addUserPacientas" time="1.507" classname="sps.auto.testai.FR_1"/>
  <testcase name="addUserVaistininkas" time="1.473" classname="sps.auto.testai.FR_1"/>
  <testcase name="addUserVaistininkas" time="1.244" classname="sps.auto.testai.FR_1"/>
  <testcase name="addUserVaistininkas" time="1.279" classname="sps.auto.testai.FR_1"/>
  <testcase name="addUserVaistininkas" time="1.283" classname="sps.auto.testai.FR_1"/>
  <testcase name="AssigningPatientToDoctor" time="1.001" classname="sps.auto.testai.FR_1"/>
</testsuite> <!-- sps.auto.testai.FR_1 -->
