<?xml version="1.0" encoding="UTF-8"?>
<!-- Generated by org.testng.reporters.JUnitReportReporter -->
<testsuite skipped="0" hostname="Margo-THINK" name="sps.auto.testai.fr4" tests="5" failures="0" timestamp="09 Kov 2018 10:29:10 GMT" time="5.224" errors="0">
  <testcase name="loginAsDoctor" time="1.938" classname="sps.auto.testai.fr4"/>
  <testcase name="addPrescription" time="0.834" classname="sps.auto.testai.fr4"/>
  <testcase name="addPrescription" time="1.141" classname="sps.auto.testai.fr4"/>
  <testcase name="addPrescription" time="0.653" classname="sps.auto.testai.fr4"/>
  <testcase name="addPrescription" time="0.658" classname="sps.auto.testai.fr4"/>
</testsuite> <!-- sps.auto.testai.fr4 -->
