<?xml version="1.0" encoding="UTF-8"?>
<!-- Generated by org.testng.reporters.JUnitReportReporter -->
<testsuite skipped="0" hostname="Margo-THINK" name="sps.auto.testai.fr1" tests="18" failures="0" timestamp="09 Kov 2018 09:08:25 GMT" time="18.207" errors="0">
  <testcase name="loginAsAdmin" time="0.993" classname="sps.auto.testai.fr1"/>
  <testcase name="addUserAdministratorius" time="0.710" classname="sps.auto.testai.fr1"/>
  <testcase name="addUserAdministratorius" time="1.369" classname="sps.auto.testai.fr1"/>
  <testcase name="addUserAdministratorius" time="0.804" classname="sps.auto.testai.fr1"/>
  <testcase name="addUserAdministratorius" time="0.694" classname="sps.auto.testai.fr1"/>
  <testcase name="addUserGydytojas" time="1.220" classname="sps.auto.testai.fr1"/>
  <testcase name="addUserGydytojas" time="1.221" classname="sps.auto.testai.fr1"/>
  <testcase name="addUserGydytojas" time="1.220" classname="sps.auto.testai.fr1"/>
  <testcase name="addUserGydytojas" time="1.165" classname="sps.auto.testai.fr1"/>
  <testcase name="addUserGydytojas" time="1.099" classname="sps.auto.testai.fr1"/>
  <testcase name="addUserPacientas" time="0.858" classname="sps.auto.testai.fr1"/>
  <testcase name="addUserPacientas" time="0.786" classname="sps.auto.testai.fr1"/>
  <testcase name="addUserPacientas" time="0.786" classname="sps.auto.testai.fr1"/>
  <testcase name="addUserPacientas" time="0.933" classname="sps.auto.testai.fr1"/>
  <testcase name="addUserVaistininkas" time="1.158" classname="sps.auto.testai.fr1"/>
  <testcase name="addUserVaistininkas" time="1.017" classname="sps.auto.testai.fr1"/>
  <testcase name="addUserVaistininkas" time="1.024" classname="sps.auto.testai.fr1"/>
  <testcase name="addUserVaistininkas" time="1.150" classname="sps.auto.testai.fr1"/>
</testsuite> <!-- sps.auto.testai.fr1 -->
