<?xml version="1.0" encoding="UTF-8"?>
<!-- Generated by org.testng.reporters.JUnitReportReporter -->
<testsuite skipped="0" hostname="Margo-THINK" name="sps.auto.testai.fr4" tests="5" failures="0" timestamp="09 Kov 2018 19:32:38 GMT" time="3.672" errors="0">
  <testcase name="loginAsDoctor" time="0.702" classname="sps.auto.testai.fr4"/>
  <testcase name="addPrescription" time="0.791" classname="sps.auto.testai.fr4"/>
  <testcase name="addPrescription" time="0.638" classname="sps.auto.testai.fr4"/>
  <testcase name="addPrescription" time="0.756" classname="sps.auto.testai.fr4"/>
  <testcase name="addPrescription" time="0.785" classname="sps.auto.testai.fr4"/>
</testsuite> <!-- sps.auto.testai.fr4 -->
